[debug] [2020-09-08T18:39:03.370Z] ----------------------------------------------------------------------
[debug] [2020-09-08T18:39:03.372Z] Command:       C:\Program Files\nodejs\node.exe C:\Users\EricB\AppData\Roaming\npm\node_modules\firebase-tools\lib\bin\firebase.js serve
[debug] [2020-09-08T18:39:03.373Z] CLI Version:   8.10.0
[debug] [2020-09-08T18:39:03.373Z] Platform:      win32
[debug] [2020-09-08T18:39:03.373Z] Node Version:  v12.18.3
[debug] [2020-09-08T18:39:03.374Z] Time:          Tue Sep 08 2020 20:39:03 GMT+0200 (GMT+02:00)
[debug] [2020-09-08T18:39:03.374Z] ----------------------------------------------------------------------
[debug] [2020-09-08T18:39:03.374Z] 
[debug] [2020-09-08T18:39:03.381Z] > command requires scopes: ["email","openid","https://www.googleapis.com/auth/cloudplatformprojects.readonly","https://www.googleapis.com/auth/firebase","https://www.googleapis.com/auth/cloud-platform"]
[debug] [2020-09-08T18:39:03.381Z] > authorizing via signed-in user
[debug] [2020-09-08T18:39:03.381Z] [iam] checking project join-a7169 for permissions ["firebase.projects.get"]
[debug] [2020-09-08T18:39:03.384Z] >>> HTTP REQUEST POST https://cloudresourcemanager.googleapis.com/v1/projects/join-a7169:testIamPermissions  
 {"permissions":["firebase.projects.get"]}
[debug] [2020-09-08T18:39:04.274Z] <<< HTTP RESPONSE 200 {"content-type":"application/json; charset=UTF-8","vary":"X-Origin, Referer, Origin,Accept-Encoding","date":"Tue, 08 Sep 2020 18:39:03 GMT","server":"ESF","cache-control":"private","x-xss-protection":"0","x-frame-options":"SAMEORIGIN","x-content-type-options":"nosniff","server-timing":"gfet4t7; dur=692","alt-svc":"h3-29=\":443\"; ma=2592000,h3-27=\":443\"; ma=2592000,h3-T051=\":443\"; ma=2592000,h3-T050=\":443\"; ma=2592000,h3-Q050=\":443\"; ma=2592000,h3-Q046=\":443\"; ma=2592000,h3-Q043=\":443\"; ma=2592000,quic=\":443\"; ma=2592000; v=\"46,43\"","accept-ranges":"none","transfer-encoding":"chunked"}
[debug] [2020-09-08T18:39:04.275Z] >>> HTTP REQUEST GET https://firebase.googleapis.com/v1beta1/projects/join-a7169  
 
[debug] [2020-09-08T18:39:04.520Z] <<< HTTP RESPONSE 200 {"content-type":"application/json; charset=UTF-8","vary":"X-Origin, Referer, Origin,Accept-Encoding","date":"Tue, 08 Sep 2020 18:39:03 GMT","server":"ESF","cache-control":"private","x-xss-protection":"0","x-frame-options":"SAMEORIGIN","x-content-type-options":"nosniff","alt-svc":"h3-29=\":443\"; ma=2592000,h3-27=\":443\"; ma=2592000,h3-T051=\":443\"; ma=2592000,h3-T050=\":443\"; ma=2592000,h3-Q050=\":443\"; ma=2592000,h3-Q046=\":443\"; ma=2592000,h3-Q043=\":443\"; ma=2592000,quic=\":443\"; ma=2592000; v=\"46,43\"","accept-ranges":"none","transfer-encoding":"chunked"}
[info] 
[info] === Serving from 'C:\Users\EricB\Desktop\vsc\Dev\Gruppenarbeit\Join\join'...
[info] 
[debug] [2020-09-08T18:39:04.526Z] >>> HTTP REQUEST GET https://firebase.googleapis.com/v1beta1/projects/join-a7169/webApps/-/config  
 
[debug] [2020-09-08T18:39:05.293Z] <<< HTTP RESPONSE 200 {"content-type":"application/json; charset=UTF-8","vary":"X-Origin, Referer, Origin,Accept-Encoding","date":"Tue, 08 Sep 2020 18:39:04 GMT","server":"ESF","cache-control":"private","x-xss-protection":"0","x-frame-options":"SAMEORIGIN","x-content-type-options":"nosniff","alt-svc":"h3-29=\":443\"; ma=2592000,h3-27=\":443\"; ma=2592000,h3-T051=\":443\"; ma=2592000,h3-T050=\":443\"; ma=2592000,h3-Q050=\":443\"; ma=2592000,h3-Q046=\":443\"; ma=2592000,h3-Q043=\":443\"; ma=2592000,quic=\":443\"; ma=2592000; v=\"46,43\"","accept-ranges":"none","transfer-encoding":"chunked"}
[info] +  hosting: Local server: http://localhost:5000 {"metadata":{"emulator":{"name":"hosting"},"message":"Local server: \u001b[4m\u001b[1mhttp://localhost:5000\u001b[22m\u001b[24m"}}
